\BOOKMARK [0][-]{section*.2}{\376\377\000L\036\335\000i\000\040\000c\000a\000m\000\040\001\021\000o\000a\000n}{}% 1
\BOOKMARK [0][-]{section*.4}{\376\377\000L\036\335\000i\000\040\000c\036\243\000m\000\040\001\241\000n}{}% 2
\BOOKMARK [0][-]{section*.6}{\376\377\000T\000\363\000m\000\040\000t\036\257\000t}{}% 3
\BOOKMARK [0][-]{section*.8}{\376\377\000M\036\345\000c\000\040\000l\036\345\000c}{}% 4
\BOOKMARK [0][-]{section*.9}{\376\377\000T\000\363\000m\000\040\000t\036\257\000t}{}% 5
\BOOKMARK [0][-]{section*.11}{\376\377\000D\000a\000n\000h\000\040\000m\036\345\000c\000\040\000h\000\354\000n\000h\000\040\000v\036\275}{}% 6
\BOOKMARK [0][-]{section*.12}{\376\377\000D\000a\000n\000h\000\040\000m\036\345\000c\000\040\000b\036\243\000n\000g\000\040\000b\000i\036\303\000u}{}% 7
\BOOKMARK [0][-]{section*.13}{\376\377\000M\036\337\000\040\001\021\036\247\000u}{}% 8
\BOOKMARK [0][-]{chapter.1}{\376\377\000T\036\324\000N\000G\000\040\000Q\000U\000A\000N\000\040\000V\036\300\000\040\000C\000\301\000C\000\040\000H\036\306\000\040\000T\000H\036\320\000N\000G\000\040\000X\000\301\000C\000\040\001\020\036\312\000N\000H\000\040\000H\001\257\036\332\000N\000G\000\040\000S\000\323\000N\000G\000\040\001\020\036\276\000N}{}% 9
\BOOKMARK [1][-]{section.1.1}{\376\377\000K\000h\000\341\000i\000\040\000n\000i\036\307\000m\000\040\000v\000\340\000\040\036\351\000n\000g\000\040\000d\036\345\000n\000g\000\040\000c\036\347\000a\000\040\000h\036\307\000\040\000x\000\341\000c\000\040\001\021\036\313\000n\000h\000\040\000h\001\260\036\333\000n\000g\000\040\000s\000\363\000n\000g\000\040\001\021\036\277\000n}{chapter.1}% 10
\BOOKMARK [1][-]{section.1.2}{\376\377\000C\000\341\000c\000\040\000c\000\364\000n\000g\000\040\000n\000g\000h\036\307\000\040\000x\000\341\000c\000\040\001\021\036\313\000n\000h\000\040\000h\001\260\036\333\000n\000g\000\040\000s\000\363\000n\000g\000\040\001\021\036\277\000n\000\040\001\021\000i\036\303\000n\000\040\000h\000\354\000n\000h}{chapter.1}% 11
\BOOKMARK [2][-]{subsection.1.2.1}{\376\377\000P\000h\001\260\001\241\000n\000g\000\040\000p\000h\000\341\000p\000\040\000t\036\241\000o\000\040\000b\000\372\000p\000\040\000s\000\363\000n\000g}{section.1.2}% 12
\BOOKMARK [2][-]{subsection.1.2.2}{\376\377\000T\000h\000u\036\255\000t\000\040\000t\000o\000\341\000n\000\040\000M\000a\000x\000i\000m\000u\000m\000\040\000L\000i\000k\000e\000l\000i\000h\000o\000o\000d}{section.1.2}% 13
\BOOKMARK [1][-]{section.1.3}{\376\377\000H\036\307\000\040\000t\000h\036\321\000n\000g\000\040\000x\000\341\000c\000\040\001\021\036\313\000n\000h\000\040\000h\001\260\036\333\000n\000g\000\040\000s\000\363\000n\000g\000\040\001\021\036\277\000n\000\040\000v\036\333\000i\000\040\000t\000h\000u\036\255\000t\000\040\000t\000o\000\341\000n\000\040\000M\000U\000S\000I\000C}{chapter.1}% 14
\BOOKMARK [0][-]{chapter.2}{\376\377\000T\000R\000I\036\302\000N\000\040\000K\000H\000A\000I\000\040\000T\000H\000U\036\254\000T\000\040\000T\000O\000\301\000N\000\040\000M\000U\000S\000I\000C\000\040\000T\000R\000\312\000N\000\040\000T\000H\000I\036\276\000T\000\040\000B\036\312\000\040\000S\000D\000R}{}% 15
\BOOKMARK [1][-]{section.2.1}{\376\377\000P\000h\036\247\000n\000\040\000m\036\301\000m\000\040\000G\000N\000U\000\040\000R\000a\000d\000i\000o\000\040\000v\000\340\000\040\000t\000h\000i\036\277\000t\000\040\000b\036\313\000\040\000v\000\364\000\040\000t\000u\000y\036\277\000n\000\040\001\021\036\313\000n\000h\000\040\000n\000g\000h\001\051\000a\000\040\000b\036\261\000n\000g\000\040\000p\000h\036\247\000n\000\040\000m\036\301\000m\000\040\000S\000D\000R}{chapter.2}% 16
\BOOKMARK [2][-]{subsection.2.1.1}{\376\377\000P\000h\036\247\000n\000\040\000m\036\301\000m\000\040\000G\000N\000U\000\040\000R\000a\000d\000i\000o}{section.2.1}% 17
\BOOKMARK [2][-]{subsection.2.1.2}{\376\377\000T\000h\000i\036\277\000t\000\040\000b\036\313\000\040\000v\000\364\000\040\000t\000u\000y\036\277\000n\000\040\001\021\036\313\000n\000h\000\040\000n\000g\000h\001\051\000a\000\040\000b\036\261\000n\000g\000\040\000p\000h\036\247\000n\000\040\000m\036\301\000m\000\040\000S\000D\000R}{section.2.1}% 18
\BOOKMARK [1][-]{section.2.2}{\376\377\000P\000h\036\247\000n\000\040\000c\036\351\000n\000g\000\040\000v\000\340\000\040\000p\000h\036\247\000n\000\040\000m\036\301\000m\000\040\000c\036\347\000a\000\040\000B\000l\000a\000d\000e\000R\000F}{chapter.2}% 19
\BOOKMARK [2][-]{subsection.2.2.1}{\376\377\000B\000l\000a\000d\000e\000R\000F\000\040\000x\0001\0001\0005}{section.2.2}% 20
\BOOKMARK [2][-]{subsection.2.2.2}{\376\377\000P\000h\036\247\000n\000\040\000m\036\301\000m\000\040\000c\036\347\000a\000\040\000B\000l\000a\000d\000e\000R\000F}{section.2.2}% 21
\BOOKMARK [1][-]{section.2.3}{\376\377\000T\000r\000i\036\303\000n\000\040\000k\000h\000a\000i\000\040\000h\036\307\000\040\000t\000h\036\321\000n\000g\000\040\000x\000\341\000c\000\040\001\021\036\313\000n\000h\000\040\000h\001\260\036\333\000n\000g\000\040\000s\000\363\000n\000g\000\040\001\021\036\277\000n\000\040\000t\000r\000\352\000n\000\040\000h\036\307\000\040\000B\000l\000a\000d\000e\000R\000F}{chapter.2}% 22
\BOOKMARK [0][-]{chapter.3}{\376\377\000K\036\276\000T\000\040\000Q\000U\036\242\000\040\000M\000\324\000\040\000P\000H\036\316\000N\000G\000,\000\040\000T\000H\036\360\000C\000\040\000N\000G\000H\000I\036\306\000M\000\040\000H\036\306\000\040\000T\000H\036\320\000N\000G}{}% 23
\BOOKMARK [1][-]{section.3.1}{\376\377\000M\000\364\000\040\000p\000h\036\317\000n\000g\000\040\000h\036\307\000\040\000t\000h\036\321\000n\000g\000\040\000t\000r\000\352\000n\000\040\000G\000N\000U\000\040\000R\000a\000d\000i\000o}{chapter.3}% 24
\BOOKMARK [2][-]{subsection.3.1.1}{\376\377\000M\000\364\000\040\000p\000h\036\317\000n\000g\000\040\000v\036\333\000i\000\040\000d\036\357\000\040\000l\000i\036\307\000u\000\040\000M\000a\000t\000l\000a\000b}{section.3.1}% 25
\BOOKMARK [2][-]{subsection.3.1.2}{\376\377\000M\000\364\000\040\000p\000h\036\317\000n\000g\000\040\000v\036\333\000i\000\040\000d\036\357\000\040\000l\000i\036\307\000u\000\040\000g\000i\036\243\000\040\000l\036\255\000p\000\040\000B\000l\000a\000d\000e\000R\000F}{section.3.1}% 26
\BOOKMARK [1][-]{section.3.2}{\376\377\000T\000h\036\361\000c\000\040\000n\000g\000h\000i\036\307\000m\000\040\000h\036\307\000\040\000t\000h\036\321\000n\000g}{chapter.3}% 27
\BOOKMARK [2][-]{subsection.3.2.1}{\376\377\000T\000\355\000n\000\040\000h\000i\036\307\000u\000\040\000n\000g\000u\036\323\000n\000\040\000p\000h\000\341\000t\000\040\000v\000\340\000\040\000t\000h\000i\036\277\000t\000\040\000l\036\255\000p\000\040\000h\036\307\000\040\000t\000h\000u}{section.3.2}% 28
\BOOKMARK [2][-]{subsection.3.2.2}{\376\377\000T\000\354\000n\000h\000\040\000h\000u\036\321\000n\000g\000\040\000t\000h\036\361\000c\000\040\000n\000g\000h\000i\036\307\000m}{section.3.2}% 29
\BOOKMARK [2][-]{subsection.3.2.3}{\376\377\000K\036\277\000t\000\040\000q\000u\036\243\000\040\000t\000h\036\361\000c\000\040\000n\000g\000h\000i\036\307\000m}{section.3.2}% 30
\BOOKMARK [0][-]{section*.62}{\376\377\000K\036\276\000T\000\040\000L\000U\036\254\000N\000\040\000V\000\300\000\040\000H\001\257\036\332\000N\000G\000\040\000N\000G\000H\000I\000\312\000N\000\040\000C\036\350\000U\000\040\000T\000I\036\276\000P\000\040\000T\000H\000E\000O}{}% 31
\BOOKMARK [0][-]{section*.64}{\376\377\000P\000H\036\344\000\040\000L\036\344\000C}{}% 32
\BOOKMARK [0][-]{section*.71}{\376\377\000T\000\300\000I\000\040\000L\000I\036\306\000U\000\040\000T\000H\000A\000M\000\040\000K\000H\036\242\000O}{}% 33
